[debug] [2025-07-16T20:35:56.756Z] ----------------------------------------------------------------------
[debug] [2025-07-16T20:35:56.760Z] Command:       C:\Program Files\nodejs\node.exe C:\Users\rlagu\AppData\Roaming\npm\node_modules\firebase-tools\lib\bin\firebase.js init hosting
[debug] [2025-07-16T20:35:56.760Z] CLI Version:   14.9.0
[debug] [2025-07-16T20:35:56.760Z] Platform:      win32
[debug] [2025-07-16T20:35:56.760Z] Node Version:  v22.14.0
[debug] [2025-07-16T20:35:56.761Z] Time:          Thu Jul 17 2025 05:35:56 GMT+0900 (대한민국 표준시)
[debug] [2025-07-16T20:35:56.761Z] ----------------------------------------------------------------------
[debug] 
[debug] [2025-07-16T20:35:56.921Z] > command requires scopes: ["email","openid","https://www.googleapis.com/auth/cloudplatformprojects.readonly","https://www.googleapis.com/auth/firebase","https://www.googleapis.com/auth/cloud-platform"]
[debug] [2025-07-16T20:35:56.922Z] > authorizing via signed-in user (jade3051113@gmail.com)
[info] 
     ######## #### ########  ######## ########     ###     ######  ########
     ##        ##  ##     ## ##       ##     ##  ##   ##  ##       ##
     ######    ##  ########  ######   ########  #########  ######  ######
     ##        ##  ##    ##  ##       ##     ## ##     ##       ## ##
     ##       #### ##     ## ######## ########  ##     ##  ######  ########

You're about to initialize a Firebase project in this directory:

  C:\Users\rlagu

Before we get started, keep in mind:

  * You are initializing within an existing Firebase project directory

[info] 
=== Project Setup
[info] 
[info] First, let's associate this project directory with a Firebase project.
[info] You can create multiple project aliases by running firebase use --add, 
[info] but for now we'll just set up a default project.
[info] 
[debug] [2025-07-16T20:36:10.001Z] Using project from CLI flag: postage-h1228
[debug] [2025-07-16T20:36:10.002Z] Checked if tokens are valid: true, expires at: 1752701377181
[debug] [2025-07-16T20:36:10.002Z] Checked if tokens are valid: true, expires at: 1752701377181
[debug] [2025-07-16T20:36:10.003Z] >>> [apiv2][query] GET https://firebase.googleapis.com/v1beta1/projects/postage-h1228 [none]
[debug] [2025-07-16T20:36:10.457Z] <<< [apiv2][status] GET https://firebase.googleapis.com/v1beta1/projects/postage-h1228 200
[debug] [2025-07-16T20:36:10.457Z] <<< [apiv2][body] GET https://firebase.googleapis.com/v1beta1/projects/postage-h1228 {"projectId":"postage-h1228","projectNumber":"205430193367","displayName":"Postage","name":"projects/postage-h1228","resources":{"hostingSite":"postage-h1228","realtimeDatabaseInstance":"postage-h1228-default-rtdb"},"state":"ACTIVE","etag":"1_43dd3cd6-3f8b-4ae0-bda8-fcf4f6ae4173"}
[info] i  Using project postage-h1228 (Postage) 
[info] 
=== Hosting Setup
[debug] [2025-07-16T20:36:10.463Z] Checked if tokens are valid: true, expires at: 1752701377181
[debug] [2025-07-16T20:36:10.463Z] Checked if tokens are valid: true, expires at: 1752701377181
[debug] [2025-07-16T20:36:10.463Z] >>> [apiv2][query] GET https://firebase.googleapis.com/v1beta1/projects/postage-h1228 [none]
[debug] [2025-07-16T20:36:10.724Z] <<< [apiv2][status] GET https://firebase.googleapis.com/v1beta1/projects/postage-h1228 200
[debug] [2025-07-16T20:36:10.725Z] <<< [apiv2][body] GET https://firebase.googleapis.com/v1beta1/projects/postage-h1228 {"projectId":"postage-h1228","projectNumber":"205430193367","displayName":"Postage","name":"projects/postage-h1228","resources":{"hostingSite":"postage-h1228","realtimeDatabaseInstance":"postage-h1228-default-rtdb"},"state":"ACTIVE","etag":"1_43dd3cd6-3f8b-4ae0-bda8-fcf4f6ae4173"}
[info] 
[info] Your public directory is the folder (relative to your project directory) that
[info] will contain Hosting assets to be uploaded with firebase deploy. If you
[info] have a build process for your assets, use your build's output directory.
[info] 
[debug] [2025-07-16T20:36:18.588Z] >>> [apiv2][query] GET https://www.gstatic.com/firebasejs/releases.json [none]
[debug] [2025-07-16T20:36:18.796Z] <<< [apiv2][status] GET https://www.gstatic.com/firebasejs/releases.json 200
[debug] [2025-07-16T20:36:18.796Z] <<< [apiv2][body] GET https://www.gstatic.com/firebasejs/releases.json {"current":{"version":"11.10.0","browserURL":"https://www.gstatic.com/firebasejs/11.10.0/firebase.js","packageURL":"https://www.gstatic.com/firebasejs/11.10.0/firebase.tgz"},"live":{"version":"11.10","browserURL":"https://www.gstatic.com/firebasejs/live/11.10/firebase.js","packageURL":"https://www.gstatic.com/firebasejs/live/11.10/firebase.tgz"},"components":{"ai":"https://www.gstatic.com/firebasejs/11.10.0/firebase-ai.js","analytics":"https://www.gstatic.com/firebasejs/11.10.0/firebase-analytics.js","app":"https://www.gstatic.com/firebasejs/11.10.0/firebase-app.js","app-check":"https://www.gstatic.com/firebasejs/11.10.0/firebase-app-check.js","auth":"https://www.gstatic.com/firebasejs/11.10.0/firebase-auth.js","auth/cordova":"https://www.gstatic.com/firebasejs/11.10.0/firebase-auth/cordova.js","auth/web-extension":"https://www.gstatic.com/firebasejs/11.10.0/firebase-auth/web-extension.js","functions":"https://www.gstatic.com/firebasejs/11.10.0/firebase-functions.js","firestore":"https://www.gstatic.com/firebasejs/11.10.0/firebase-firestore.js","firestore/lite":"https://www.gstatic.com/firebasejs/11.10.0/firebase-firestore/lite.js","installations":"https://www.gstatic.com/firebasejs/11.10.0/firebase-installations.js","storage":"https://www.gstatic.com/firebasejs/11.10.0/firebase-storage.js","performance":"https://www.gstatic.com/firebasejs/11.10.0/firebase-performance.js","remote-config":"https://www.gstatic.com/firebasejs/11.10.0/firebase-remote-config.js","messaging":"https://www.gstatic.com/firebasejs/11.10.0/firebase-messaging.js","messaging/sw":"https://www.gstatic.com/firebasejs/11.10.0/firebase-messaging/sw.js","database":"https://www.gstatic.com/firebasejs/11.10.0/firebase-database.js","vertexai":"https://www.gstatic.com/firebasejs/11.10.0/firebase-vertexai.js","data-connect":"https://www.gstatic.com/firebasejs/11.10.0/firebase-data-connect.js","firestore.memory":"https://www.gstatic.com/firebasejs/11.10.0/firebase-firestore.memory.js"}}
[info] +  Wrote public/index.html 
[info] 
[info] i  Detected a .git folder at C:\Users\rlagu\Desktop\Web workspace 
[info] i  Authorizing with GitHub to upload your service account to a GitHub repository's secrets store. 
[info] 
[info] Visit this URL on this device to log in:
[info] https://github.com/login/oauth/authorize?client_id=89cf50f02ac6aaed3484&state=530514897&redirect_uri=http%3A%2F%2Flocalhost%3A9005&scope=read%3Auser%20repo%20public_repo
[info] 
[info] Waiting for authentication...
[debug] [2025-07-16T20:36:19.729Z] >>> [apiv2][query] POST https://github.com/login/oauth/access_token [none]
[debug] [2025-07-16T20:36:19.730Z] >>> [apiv2][body] POST https://github.com/login/oauth/access_token [stream]
[debug] [2025-07-16T20:36:20.047Z] <<< [apiv2][status] POST https://github.com/login/oauth/access_token 200
[debug] [2025-07-16T20:36:20.047Z] <<< [apiv2][body] POST https://github.com/login/oauth/access_token {"access_token":"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","token_type":"bearer","scope":"read:user,repo"}
[debug] [2025-07-16T20:36:20.052Z] >>> [apiv2][query] GET https://api.github.com/user [none]
[debug] [2025-07-16T20:36:20.464Z] <<< [apiv2][status] GET https://api.github.com/user 200
[debug] [2025-07-16T20:36:20.465Z] <<< [apiv2][body] GET https://api.github.com/user {"login":"rlagusdn04","id":68765352,"node_id":"MDQ6VXNlcjY4NzY1MzUy","avatar_url":"https://avatars.githubusercontent.com/u/68765352?v=4","gravatar_id":"","url":"https://api.github.com/users/rlagusdn04","html_url":"https://github.com/rlagusdn04","followers_url":"https://api.github.com/users/rlagusdn04/followers","following_url":"https://api.github.com/users/rlagusdn04/following{/other_user}","gists_url":"https://api.github.com/users/rlagusdn04/gists{/gist_id}","starred_url":"https://api.github.com/users/rlagusdn04/starred{/owner}{/repo}","subscriptions_url":"https://api.github.com/users/rlagusdn04/subscriptions","organizations_url":"https://api.github.com/users/rlagusdn04/orgs","repos_url":"https://api.github.com/users/rlagusdn04/repos","events_url":"https://api.github.com/users/rlagusdn04/events{/privacy}","received_events_url":"https://api.github.com/users/rlagusdn04/received_events","type":"User","user_view_type":"private","site_admin":false,"name":"김현우","company":null,"blog":"","location":null,"email":null,"hireable":null,"bio":"DD","twitter_username":null,"notification_email":null,"public_repos":8,"public_gists":0,"followers":0,"following":0,"created_at":"2020-07-25T03:58:40Z","updated_at":"2025-06-30T14:03:17Z","private_gists":0,"total_private_repos":10,"owned_private_repos":10,"disk_usage":303150,"collaborators":0,"two_factor_authentication":false,"plan":{"name":"free","space":976562499,"collaborators":0,"private_repos":10000}}
[info] 
[info] +  Success! Logged into GitHub as rlagusdn04 
[info] 
[debug] [2025-07-16T20:36:57.071Z] >>> [apiv2][query] GET https://api.github.com/repos//actions/secrets/public-key type=owner
[debug] [2025-07-16T20:36:57.331Z] <<< [apiv2][status] GET https://api.github.com/repos//actions/secrets/public-key 404
[debug] [2025-07-16T20:36:57.332Z] <<< [apiv2][body] GET https://api.github.com/repos//actions/secrets/public-key {"message":"Not Found","documentation_url":"https://docs.github.com/rest","status":"404"}
[info] 
[info] 
[error] !  The provided authorization cannot be used with this repository. If this repository is in an organization, did you remember to grant access? 
[info] 
[info] i  Action required: Visit this URL to ensure access has been granted to the appropriate organization(s) for the Firebase CLI GitHub OAuth App: 
[info] https://github.com/settings/connections/applications/89cf50f02ac6aaed3484
[info] 
[debug] [2025-07-16T20:37:09.749Z] >>> [apiv2][query] GET https://api.github.com/repos/user/repository/actions/secrets/public-key type=owner
[debug] [2025-07-16T20:37:10.029Z] <<< [apiv2][status] GET https://api.github.com/repos/user/repository/actions/secrets/public-key 404
[debug] [2025-07-16T20:37:10.029Z] <<< [apiv2][body] GET https://api.github.com/repos/user/repository/actions/secrets/public-key {"message":"Not Found","documentation_url":"https://docs.github.com/rest/actions/secrets#get-a-repository-public-key","status":"404"}
[info] 
[info] 
[error] !  The provided authorization cannot be used with this repository. If this repository is in an organization, did you remember to grant access? 
[info] 
[info] i  Action required: Visit this URL to ensure access has been granted to the appropriate organization(s) for the Firebase CLI GitHub OAuth App: 
[info] https://github.com/settings/connections/applications/89cf50f02ac6aaed3484
[info] 
